<?xml version="1.0" encoding="UTF-8"?>
<beans xmlns="http://www.springframework.org/schema/beans"
	xmlns:context="http://www.springframework.org/schema/context"
	xmlns:xsi="http://www.w3.org/2001/XMLSchema-instance" xmlns:util="http://www.springframework.org/schema/util"
	xsi:schemaLocation="
                http://www.springframework.org/schema/beans
                http://www.springframework.org/schema/beans/spring-beans.xsd
                http://www.springframework.org/schema/context
                http://www.springframework.org/schema/context/spring-context.xsd
                http://www.springframework.org/schema/util
                http://www.springframework.org/schema/util/spring-util.xsd">

	<import resource="classpath:core-spring-config.xml" />

	<bean id="pathConverter" class="com.heb.finance.analytics.utils.PathConverterImpl" />

	<bean id="riskSensitivityDao" class="com.heb.finance.analytics.RiskSensitivityDao">
		<constructor-arg index="0" value="MyCluster" />
		<constructor-arg index="1" value="localhost:9160" />
		<constructor-arg index="2" value="Analytics" />
	</bean>

	<bean id="riskSensitivityPathPersister"
		class="com.heb.finance.analytics.RiskSensitivityPathPersister">
		<constructor-arg index="0" ref="riskSensitivityDao" />
		<constructor-arg index="1" ref="pathConverter" />
	</bean>

	<util:map id="healthCheckMap">
		<entry key="riskSensitivityDaoHealthCheck" value-ref="riskSensitivityDaoHealthCheck" />
	</util:map>

	<bean name="riskSensitivityDaoHealthCheck"
		class="com.heb.finance.analytics.health.RiskSensitivityDaoHealthCheck">
		<constructor-arg index="0" ref="riskSensitivityDao" />
	</bean>
	
	<bean id="riskSensitivityPersisterService" class="com.heb.finance.analytics.RiskSensitivityPersisterServiceImpl">
		<constructor-arg index="0" value="5" />
	</bean>

</beans>